<?xml version="1.0" encoding="UTF-8"?>
<testsuite xmlns:xsi="http://www.w3.org/2001/XMLSchema-instance" xsi:noNamespaceSchemaLocation="https://maven.apache.org/surefire/maven-surefire-plugin/xsd/surefire-test-report.xsd" version="3.0.1" name="it.unipd.mtss.IntegerToRomanTest" time="0.047" tests="9" errors="0" skipped="0" failures="0">
  <properties>
[...]
</properties>
  <testcase name="testConvert_ShouldThrowException_WhenInputIsZero" classname="it.unipd.mtss.IntegerToRomanTest" time="0.019"/>
  <testcase name="convertFiftyOneToOneHundred" classname="it.unipd.mtss.IntegerToRomanTest" time="0.001"/>
  <testcase name="convertFourToSix" classname="it.unipd.mtss.IntegerToRomanTest" time="0.001"/>
  <testcase name="convertTwentyOneToFifty" classname="it.unipd.mtss.IntegerToRomanTest" time="0.001"/>
  <testcase name="testConvert_ShouldThrowException_WhenInputIsNegative" classname="it.unipd.mtss.IntegerToRomanTest" time="0.001"/>
  <testcase name="convertSevenToTen" classname="it.unipd.mtss.IntegerToRomanTest" time="0.001"/>
  <testcase name="convertOneHundredOneToFiveHundred" classname="it.unipd.mtss.IntegerToRomanTest" time="0.001"/>
  <testcase name="convertElevenToTwenty" classname="it.unipd.mtss.IntegerToRomanTest" time="0.001"/>
  <testcase name="convertToThree" classname="it.unipd.mtss.IntegerToRomanTest" time="0.001"/>
</testsuite>